  main.cpp
d:\documents\programmation\c++\minecraft\_engine\src\engine\utils\ny_utils.h(25): warning C4005: 'NAN' : redéfinition de macro
  c:\program files (x86)\windows kits\10\include\10.0.10240.0\ucrt\math.h(82): note: voir la définition précédente de 'NAN'
d:\documents\programmation\c++\minecraft\_engine\src\engine\gui\bouton.h(58): warning C4267: 'initialisation' : conversion de 'size_t' en 'uint16', perte possible de données
d:\documents\programmation\c++\minecraft\_engine\src\engine\gui\bouton.h(61): warning C4267: 'argument' : conversion de 'size_t' en 'sint16', perte possible de données
d:\documents\programmation\c++\minecraft\_engine\src\engine\gui\edtbox.h(120): warning C4267: '=' : conversion de 'size_t' en 'uint16', perte possible de données
d:\documents\programmation\c++\minecraft\_engine\src\engine\gui\lstbox.h(71): warning C4267: 'return' : conversion de 'size_t' en 'uint16', perte possible de données
d:\documents\programmation\c++\minecraft\_engine\src\engine\gui\slope.h(69): warning C4267: 'return' : conversion de 'size_t' en 'uint16', perte possible de données
d:\documents\programmation\c++\minecraft\_engine\src\engine\gui\slope.h(233): warning C4267: 'initialisation' : conversion de 'size_t' en 'uint16', perte possible de données
d:\documents\programmation\c++\minecraft\_engine\src\engine\gui\slope.h(236): warning C4267: 'argument' : conversion de 'size_t' en 'sint16', perte possible de données
d:\documents\programmation\c++\minecraft\_engine\src\engine\gui\slope.h(237): warning C4267: '=' : conversion de 'size_t' en 'uint16', perte possible de données
d:\documents\programmation\c++\minecraft\_engine\src\engine\gui\slope.h(239): warning C4267: 'argument' : conversion de 'size_t' en 'sint16', perte possible de données
d:\documents\programmation\c++\minecraft\_engine\src\engine\gui\label.h(39): warning C4267: 'initialisation' : conversion de 'size_t' en 'uint16', perte possible de données
d:\documents\programmation\c++\minecraft\_engine\src\engine\gui\label.h(47): warning C4267: 'argument' : conversion de 'size_t' en 'sint16', perte possible de données
d:\documents\programmation\c++\minecraft\_minecraft\src\cube.h(158): warning C4800: 'int' : valeur forcée à la valeur booléenne 'true' ou 'false' (avertissement sur les performances)
d:\documents\programmation\c++\minecraft\_minecraft\src\cube.h(162): warning C4800: 'int' : valeur forcée à la valeur booléenne 'true' ou 'false' (avertissement sur les performances)
d:\documents\programmation\c++\minecraft\_minecraft\src\cube.h(166): warning C4800: 'int' : valeur forcée à la valeur booléenne 'true' ou 'false' (avertissement sur les performances)
d:\documents\programmation\c++\minecraft\_minecraft\src\cube.h(170): warning C4800: 'int' : valeur forcée à la valeur booléenne 'true' ou 'false' (avertissement sur les performances)
d:\documents\programmation\c++\minecraft\_minecraft\src\cube.h(194): warning C4800: 'int' : valeur forcée à la valeur booléenne 'true' ou 'false' (avertissement sur les performances)
d:\documents\programmation\c++\minecraft\_minecraft\src\perlin.h(16): warning C4244: '=' : conversion de 'double' en 'float', perte possible de données
d:\documents\programmation\c++\minecraft\_minecraft\src\perlin.h(17): warning C4244: '=' : conversion de 'double' en 'float', perte possible de données
d:\documents\programmation\c++\minecraft\_minecraft\src\perlin.h(18): warning C4244: '=' : conversion de 'double' en 'float', perte possible de données
d:\documents\programmation\c++\minecraft\_minecraft\src\perlin.h(40): warning C4244: 'initialisation' : conversion de 'float' en 'int', perte possible de données
d:\documents\programmation\c++\minecraft\_minecraft\src\perlin.h(41): warning C4244: 'initialisation' : conversion de 'float' en 'int', perte possible de données
d:\documents\programmation\c++\minecraft\_minecraft\src\perlin.h(42): warning C4244: 'initialisation' : conversion de 'float' en 'int', perte possible de données
d:\documents\programmation\c++\minecraft\_minecraft\src\perlin.h(43): warning C4244: 'initialisation' : conversion de 'float' en 'int', perte possible de données
d:\documents\programmation\c++\minecraft\_minecraft\src\perlin.h(44): warning C4244: 'initialisation' : conversion de 'float' en 'int', perte possible de données
d:\documents\programmation\c++\minecraft\_minecraft\src\perlin.h(45): warning C4244: 'initialisation' : conversion de 'float' en 'int', perte possible de données
d:\documents\programmation\c++\minecraft\_minecraft\src\perlin.h(53): warning C4244: 'argument' : conversion de 'int' en 'float', perte possible de données
d:\documents\programmation\c++\minecraft\_minecraft\src\perlin.h(54): warning C4244: 'argument' : conversion de 'int' en 'float', perte possible de données
d:\documents\programmation\c++\minecraft\_minecraft\src\perlin.h(55): warning C4244: 'argument' : conversion de 'int' en 'float', perte possible de données
d:\documents\programmation\c++\minecraft\_minecraft\src\perlin.h(56): warning C4244: 'argument' : conversion de 'int' en 'float', perte possible de données
d:\documents\programmation\c++\minecraft\_minecraft\src\perlin.h(59): warning C4244: 'argument' : conversion de 'int' en 'float', perte possible de données
d:\documents\programmation\c++\minecraft\_minecraft\src\perlin.h(60): warning C4244: 'argument' : conversion de 'int' en 'float', perte possible de données
d:\documents\programmation\c++\minecraft\_minecraft\src\perlin.h(61): warning C4244: 'argument' : conversion de 'int' en 'float', perte possible de données
d:\documents\programmation\c++\minecraft\_minecraft\src\perlin.h(62): warning C4244: 'argument' : conversion de 'int' en 'float', perte possible de données
d:\documents\programmation\c++\minecraft\_engine\src\engine\render\graph\tex_manager.h(84): warning C4267: 'initialisation' : conversion de 'size_t' en 'uint16', perte possible de données
d:\documents\programmation\c++\minecraft\_engine\src\engine\render\graph\tex_manager.h(233): warning C4244: '=' : conversion de 'float' en 'png_byte', perte possible de données
d:\documents\programmation\c++\minecraft\_engine\src\engine\render\graph\tex_manager.h(234): warning C4244: '=' : conversion de 'float' en 'png_byte', perte possible de données
d:\documents\programmation\c++\minecraft\_engine\src\engine\render\graph\tex_manager.h(235): warning C4244: '=' : conversion de 'float' en 'png_byte', perte possible de données
d:\documents\programmation\c++\minecraft\_minecraft\src\world.h(212): warning C4244: 'argument' : conversion de 'int' en 'float', perte possible de données
d:\documents\programmation\c++\minecraft\_minecraft\src\world.h(213): warning C4244: 'argument' : conversion de 'int' en 'float', perte possible de données
d:\documents\programmation\c++\minecraft\_minecraft\src\world.h(214): warning C4244: 'argument' : conversion de 'int' en 'float', perte possible de données
d:\documents\programmation\c++\minecraft\_minecraft\src\world.h(215): warning C4244: 'argument' : conversion de 'int' en 'float', perte possible de données
d:\documents\programmation\c++\minecraft\_minecraft\src\world.h(225): warning C4244: 'argument' : conversion de 'int' en 'float', perte possible de données
d:\documents\programmation\c++\minecraft\_minecraft\src\world.h(226): warning C4244: 'argument' : conversion de 'int' en 'float', perte possible de données
d:\documents\programmation\c++\minecraft\_minecraft\src\world.h(227): warning C4244: 'argument' : conversion de 'int' en 'float', perte possible de données
d:\documents\programmation\c++\minecraft\_minecraft\src\world.h(228): warning C4244: 'argument' : conversion de 'int' en 'float', perte possible de données
d:\documents\programmation\c++\minecraft\_minecraft\src\world.h(238): warning C4244: 'argument' : conversion de 'int' en 'float', perte possible de données
d:\documents\programmation\c++\minecraft\_minecraft\src\world.h(239): warning C4244: 'argument' : conversion de 'int' en 'float', perte possible de données
d:\documents\programmation\c++\minecraft\_minecraft\src\world.h(240): warning C4244: 'argument' : conversion de 'int' en 'float', perte possible de données
d:\documents\programmation\c++\minecraft\_minecraft\src\world.h(241): warning C4244: 'argument' : conversion de 'int' en 'float', perte possible de données
d:\documents\programmation\c++\minecraft\_minecraft\src\world.h(251): warning C4244: 'argument' : conversion de 'int' en 'float', perte possible de données
d:\documents\programmation\c++\minecraft\_minecraft\src\world.h(252): warning C4244: 'argument' : conversion de 'int' en 'float', perte possible de données
d:\documents\programmation\c++\minecraft\_minecraft\src\world.h(253): warning C4244: 'argument' : conversion de 'int' en 'float', perte possible de données
d:\documents\programmation\c++\minecraft\_minecraft\src\world.h(254): warning C4244: 'argument' : conversion de 'int' en 'float', perte possible de données
d:\documents\programmation\c++\minecraft\_minecraft\src\world.h(264): warning C4244: 'argument' : conversion de 'int' en 'float', perte possible de données
d:\documents\programmation\c++\minecraft\_minecraft\src\world.h(265): warning C4244: 'argument' : conversion de 'int' en 'float', perte possible de données
d:\documents\programmation\c++\minecraft\_minecraft\src\world.h(266): warning C4244: 'argument' : conversion de 'int' en 'float', perte possible de données
d:\documents\programmation\c++\minecraft\_minecraft\src\world.h(267): warning C4244: 'argument' : conversion de 'int' en 'float', perte possible de données
d:\documents\programmation\c++\minecraft\_minecraft\src\world.h(277): warning C4244: 'argument' : conversion de 'int' en 'float', perte possible de données
d:\documents\programmation\c++\minecraft\_minecraft\src\world.h(278): warning C4244: 'argument' : conversion de 'int' en 'float', perte possible de données
d:\documents\programmation\c++\minecraft\_minecraft\src\world.h(279): warning C4244: 'argument' : conversion de 'int' en 'float', perte possible de données
d:\documents\programmation\c++\minecraft\_minecraft\src\world.h(280): warning C4244: 'argument' : conversion de 'int' en 'float', perte possible de données
d:\documents\programmation\c++\minecraft\_minecraft\src\world.h(400): warning C4244: 'initialisation' : conversion de 'double' en 'float', perte possible de données
d:\documents\programmation\c++\minecraft\_minecraft\src\world.h(401): warning C4244: 'initialisation' : conversion de 'double' en 'int', perte possible de données
d:\documents\programmation\c++\minecraft\_minecraft\src\world.h(403): warning C4244: 'initialisation' : conversion de 'double' en 'int', perte possible de données
d:\documents\programmation\c++\minecraft\_minecraft\src\world.h(404): warning C4244: 'initialisation' : conversion de 'double' en 'int', perte possible de données
d:\documents\programmation\c++\minecraft\_minecraft\src\world.h(405): warning C4244: 'initialisation' : conversion de 'double' en 'int', perte possible de données
d:\documents\programmation\c++\minecraft\_minecraft\src\world.h(406): warning C4244: 'initialisation' : conversion de 'double' en 'int', perte possible de données
d:\documents\programmation\c++\minecraft\_minecraft\src\world.h(456): warning C4244: 'argument' : conversion de 'time_t' en 'unsigned int', perte possible de données
d:\documents\programmation\c++\minecraft\_minecraft\src\world.h(536): warning C4244: '=' : conversion de 'double' en 'float', perte possible de données
d:\documents\programmation\c++\minecraft\_minecraft\src\world.h(537): warning C4305: 'initialisation' : troncation de 'double' à 'float'
d:\documents\programmation\c++\minecraft\_minecraft\src\world.h(723): warning C4838: la conversion de 'double' en 'GLfloat' requiert une conversion restrictive
d:\documents\programmation\c++\minecraft\_minecraft\src\world.h(723): warning C4305: 'initialisation' : troncation de 'double' à 'GLfloat'
d:\documents\programmation\c++\minecraft\_minecraft\src\avatar.h(94): warning C4244: '+=' : conversion de 'double' en 'float', perte possible de données
d:\documents\programmation\c++\minecraft\_minecraft\src\avatar.h(98): warning C4244: '+=' : conversion de 'double' en 'float', perte possible de données
d:\documents\programmation\c++\minecraft\_minecraft\src\avatar.h(103): warning C4244: '+=' : conversion de 'double' en 'float', perte possible de données
d:\documents\programmation\c++\minecraft\_minecraft\src\avatar.h(131): warning C4244: '=' : conversion de 'double' en 'float', perte possible de données
d:\documents\programmation\c++\minecraft\_minecraft\src\main.cpp(66): warning C4305: '=' : troncation de 'double' à 'float'
d:\documents\programmation\c++\minecraft\_minecraft\src\main.cpp(129): warning C4305: 'argument' : troncation de 'double' à 'GLfloat'
d:\documents\programmation\c++\minecraft\_minecraft\src\main.cpp(141): warning C4244: 'argument' : conversion de 'const int' en 'float', perte possible de données
d:\documents\programmation\c++\minecraft\_minecraft\src\main.cpp(143): warning C4244: 'argument' : conversion de 'double' en 'GLfloat', perte possible de données
d:\documents\programmation\c++\minecraft\_minecraft\src\main.cpp(173): warning C4244: 'argument' : conversion de 'double' en 'float', perte possible de données
d:\documents\programmation\c++\minecraft\_minecraft\src\main.cpp(267): warning C4838: la conversion de 'double' en 'GLfloat' requiert une conversion restrictive
d:\documents\programmation\c++\minecraft\_minecraft\src\main.cpp(267): warning C4305: 'initialisation' : troncation de 'double' à 'GLfloat'
  input_handler.cpp
d:\documents\programmation\c++\minecraft\_engine\src\engine\utils\ny_utils.h(25): warning C4005: 'NAN' : redéfinition de macro
  c:\program files (x86)\windows kits\10\include\10.0.10240.0\ucrt\math.h(82): note: voir la définition précédente de 'NAN'
d:\documents\programmation\c++\minecraft\_minecraft\src\input_handler.cpp(84): warning C4800: 'int' : valeur forcée à la valeur booléenne 'true' ou 'false' (avertissement sur les performances)
d:\documents\programmation\c++\minecraft\_minecraft\src\input_handler.cpp(88): warning C4800: 'int' : valeur forcée à la valeur booléenne 'true' ou 'false' (avertissement sur les performances)
d:\documents\programmation\c++\minecraft\_minecraft\src\input_handler.cpp(96): warning C4244: '=' : conversion de 'int' en 'float', perte possible de données
d:\documents\programmation\c++\minecraft\_minecraft\src\input_handler.cpp(98): warning C4244: '=' : conversion de 'int' en 'float', perte possible de données
d:\documents\programmation\c++\minecraft\_minecraft\src\input_handler.cpp(164): warning C4305: '*=' : troncation de 'double' à 'float'
d:\documents\programmation\c++\minecraft\_minecraft\src\input_handler.cpp(165): warning C4305: '*=' : troncation de 'double' à 'float'
  cube.cpp
d:\documents\programmation\c++\minecraft\_minecraft\src\cube.h(158): warning C4800: 'int' : valeur forcée à la valeur booléenne 'true' ou 'false' (avertissement sur les performances)
d:\documents\programmation\c++\minecraft\_minecraft\src\cube.h(162): warning C4800: 'int' : valeur forcée à la valeur booléenne 'true' ou 'false' (avertissement sur les performances)
d:\documents\programmation\c++\minecraft\_minecraft\src\cube.h(166): warning C4800: 'int' : valeur forcée à la valeur booléenne 'true' ou 'false' (avertissement sur les performances)
d:\documents\programmation\c++\minecraft\_minecraft\src\cube.h(170): warning C4800: 'int' : valeur forcée à la valeur booléenne 'true' ou 'false' (avertissement sur les performances)
d:\documents\programmation\c++\minecraft\_minecraft\src\cube.h(194): warning C4800: 'int' : valeur forcée à la valeur booléenne 'true' ou 'false' (avertissement sur les performances)
  chunk.cpp
d:\documents\programmation\c++\minecraft\_engine\src\engine\utils\ny_utils.h(25): warning C4005: 'NAN' : redéfinition de macro
  c:\program files (x86)\windows kits\10\include\10.0.10240.0\ucrt\math.h(82): note: voir la définition précédente de 'NAN'
d:\documents\programmation\c++\minecraft\_minecraft\src\cube.h(158): warning C4800: 'int' : valeur forcée à la valeur booléenne 'true' ou 'false' (avertissement sur les performances)
d:\documents\programmation\c++\minecraft\_minecraft\src\cube.h(162): warning C4800: 'int' : valeur forcée à la valeur booléenne 'true' ou 'false' (avertissement sur les performances)
d:\documents\programmation\c++\minecraft\_minecraft\src\cube.h(166): warning C4800: 'int' : valeur forcée à la valeur booléenne 'true' ou 'false' (avertissement sur les performances)
d:\documents\programmation\c++\minecraft\_minecraft\src\cube.h(170): warning C4800: 'int' : valeur forcée à la valeur booléenne 'true' ou 'false' (avertissement sur les performances)
d:\documents\programmation\c++\minecraft\_minecraft\src\cube.h(194): warning C4800: 'int' : valeur forcée à la valeur booléenne 'true' ou 'false' (avertissement sur les performances)
  ny_utils.cpp
d:\documents\programmation\c++\minecraft\_engine\src\engine\utils\ny_utils.h(25): warning C4005: 'NAN' : redéfinition de macro
  c:\program files (x86)\windows kits\10\include\10.0.10240.0\ucrt\math.h(82): note: voir la définition précédente de 'NAN'
  renderer.cpp
d:\documents\programmation\c++\minecraft\_engine\src\engine\utils\ny_utils.h(25): warning C4005: 'NAN' : redéfinition de macro
  c:\program files (x86)\windows kits\10\include\10.0.10240.0\ucrt\math.h(82): note: voir la définition précédente de 'NAN'
  tex_manager.cpp
d:\documents\programmation\c++\minecraft\_engine\src\engine\utils\ny_utils.h(25): warning C4005: 'NAN' : redéfinition de macro
  c:\program files (x86)\windows kits\10\include\10.0.10240.0\ucrt\math.h(82): note: voir la définition précédente de 'NAN'
d:\documents\programmation\c++\minecraft\_engine\src\engine\render\graph\tex_manager.h(84): warning C4267: 'initialisation' : conversion de 'size_t' en 'uint16', perte possible de données
d:\documents\programmation\c++\minecraft\_engine\src\engine\render\graph\tex_manager.h(233): warning C4244: '=' : conversion de 'float' en 'png_byte', perte possible de données
d:\documents\programmation\c++\minecraft\_engine\src\engine\render\graph\tex_manager.h(234): warning C4244: '=' : conversion de 'float' en 'png_byte', perte possible de données
d:\documents\programmation\c++\minecraft\_engine\src\engine\render\graph\tex_manager.h(235): warning C4244: '=' : conversion de 'float' en 'png_byte', perte possible de données
  log.cpp
d:\documents\programmation\c++\minecraft\_engine\src\engine\utils\ny_utils.h(25): warning C4005: 'NAN' : redéfinition de macro
  c:\program files (x86)\windows kits\10\include\10.0.10240.0\ucrt\math.h(82): note: voir la définition précédente de 'NAN'
  Génération de code en cours...
log.obj : warning LNK4075: ' /EDITANDCONTINUE' ignoré à cause de la spécification '/SAFESEH'
  base.vcxproj -> D:\Documents\Programmation\C++\Minecraft\_minecraft\Debug\base.exe
  base.vcxproj -> D:\Documents\Programmation\C++\Minecraft\_minecraft\Debug\base.pdb (Full PDB)
